{"total": {"lines":{"total":113,"covered":109,"skipped":0,"pct":96.46},"statements":{"total":128,"covered":120,"skipped":0,"pct":93.75},"functions":{"total":43,"covered":37,"skipped":0,"pct":86.04},"branches":{"total":114,"covered":99,"skipped":0,"pct":86.84},"branchesTrue":{"total":0,"covered":0,"skipped":0,"pct":100}}
,"D:\\Project\\kotodama\\src\\features\\auth\\permissions.ts": {"lines":{"total":8,"covered":8,"skipped":0,"pct":100},"functions":{"total":3,"covered":3,"skipped":0,"pct":100},"statements":{"total":10,"covered":10,"skipped":0,"pct":100},"branches":{"total":10,"covered":10,"skipped":0,"pct":100}}
,"D:\\Project\\kotodama\\src\\features\\dictionary\\DictionaryPage.tsx": {"lines":{"total":7,"covered":7,"skipped":0,"pct":100},"functions":{"total":3,"covered":3,"skipped":0,"pct":100},"statements":{"total":7,"covered":7,"skipped":0,"pct":100},"branches":{"total":6,"covered":6,"skipped":0,"pct":100}}
,"D:\\Project\\kotodama\\src\\features\\learning\\CoursesPage.tsx": {"lines":{"total":1,"covered":1,"skipped":0,"pct":100},"functions":{"total":1,"covered":1,"skipped":0,"pct":100},"statements":{"total":1,"covered":1,"skipped":0,"pct":100},"branches":{"total":2,"covered":2,"skipped":0,"pct":100}}
,"D:\\Project\\kotodama\\src\\features\\srs\\ReviewPage.tsx": {"lines":{"total":1,"covered":1,"skipped":0,"pct":100},"functions":{"total":1,"covered":1,"skipped":0,"pct":100},"statements":{"total":1,"covered":1,"skipped":0,"pct":100},"branches":{"total":0,"covered":0,"skipped":0,"pct":100}}
,"D:\\Project\\kotodama\\src\\features\\video\\VideoLearningPage.tsx": {"lines":{"total":7,"covered":7,"skipped":0,"pct":100},"functions":{"total":4,"covered":3,"skipped":0,"pct":75},"statements":{"total":10,"covered":9,"skipped":0,"pct":90},"branches":{"total":4,"covered":4,"skipped":0,"pct":100}}
,"D:\\Project\\kotodama\\src\\lib\\apiClient.ts": {"lines":{"total":89,"covered":85,"skipped":0,"pct":95.5},"functions":{"total":31,"covered":26,"skipped":0,"pct":83.87},"statements":{"total":99,"covered":92,"skipped":0,"pct":92.92},"branches":{"total":92,"covered":77,"skipped":0,"pct":83.69}}
}
